{"/Users/sharonlei/CSE110/Lab8/Part1-Jest/assets/scripts/main.js": {"path":"/Users/sharonlei/CSE110/Lab8/Part1-Jest/assets/scripts/main.js","statementMap":{"0":{"start":{"line":3,"column":0},"end":{"line":51,"column":2}},"1":{"start":{"line":4,"column":13},"end":{"line":4,"column":55}},"2":{"start":{"line":5,"column":15},"end":{"line":5,"column":55}},"3":{"start":{"line":6,"column":17},"end":{"line":6,"column":57}},"4":{"start":{"line":7,"column":16},"end":{"line":7,"column":57}},"5":{"start":{"line":8,"column":16},"end":{"line":8,"column":57}},"6":{"start":{"line":9,"column":18},"end":{"line":9,"column":55}},"7":{"start":{"line":10,"column":19},"end":{"line":10,"column":57}},"8":{"start":{"line":11,"column":16},"end":{"line":11,"column":51}},"9":{"start":{"line":13,"column":2},"end":{"line":23,"column":5}},"10":{"start":{"line":14,"column":4},"end":{"line":14,"column":34}},"11":{"start":{"line":15,"column":4},"end":{"line":15,"column":42}},"12":{"start":{"line":16,"column":4},"end":{"line":16,"column":23}},"13":{"start":{"line":18,"column":4},"end":{"line":22,"column":5}},"14":{"start":{"line":19,"column":6},"end":{"line":19,"column":45}},"15":{"start":{"line":21,"column":6},"end":{"line":21,"column":42}},"16":{"start":{"line":25,"column":2},"end":{"line":35,"column":5}},"17":{"start":{"line":26,"column":4},"end":{"line":26,"column":34}},"18":{"start":{"line":27,"column":4},"end":{"line":27,"column":42}},"19":{"start":{"line":28,"column":4},"end":{"line":28,"column":23}},"20":{"start":{"line":30,"column":4},"end":{"line":34,"column":5}},"21":{"start":{"line":31,"column":6},"end":{"line":31,"column":45}},"22":{"start":{"line":33,"column":6},"end":{"line":33,"column":42}},"23":{"start":{"line":37,"column":2},"end":{"line":40,"column":5}},"24":{"start":{"line":38,"column":4},"end":{"line":38,"column":58}},"25":{"start":{"line":39,"column":4},"end":{"line":39,"column":56}},"26":{"start":{"line":42,"column":2},"end":{"line":45,"column":5}},"27":{"start":{"line":43,"column":4},"end":{"line":43,"column":53}},"28":{"start":{"line":44,"column":4},"end":{"line":44,"column":56}},"29":{"start":{"line":47,"column":2},"end":{"line":50,"column":5}},"30":{"start":{"line":48,"column":4},"end":{"line":48,"column":23}},"31":{"start":{"line":49,"column":4},"end":{"line":49,"column":21}},"32":{"start":{"line":54,"column":15},"end":{"line":54,"column":55}},"33":{"start":{"line":55,"column":19},"end":{"line":55,"column":58}},"34":{"start":{"line":56,"column":2},"end":{"line":56,"column":54}},"35":{"start":{"line":60,"column":2},"end":{"line":68,"column":3}},"36":{"start":{"line":61,"column":4},"end":{"line":61,"column":20}},"37":{"start":{"line":62,"column":9},"end":{"line":68,"column":3}},"38":{"start":{"line":63,"column":4},"end":{"line":63,"column":20}},"39":{"start":{"line":64,"column":9},"end":{"line":68,"column":3}},"40":{"start":{"line":65,"column":4},"end":{"line":65,"column":20}},"41":{"start":{"line":67,"column":4},"end":{"line":67,"column":20}},"42":{"start":{"line":69,"column":2},"end":{"line":69,"column":61}},"43":{"start":{"line":72,"column":0},"end":{"line":72,"column":38}}},"fnMap":{"0":{"name":"(anonymous_0)","decl":{"start":{"line":3,"column":44},"end":{"line":3,"column":45}},"loc":{"start":{"line":3,"column":50},"end":{"line":51,"column":1}},"line":3},"1":{"name":"(anonymous_1)","decl":{"start":{"line":13,"column":35},"end":{"line":13,"column":36}},"loc":{"start":{"line":13,"column":41},"end":{"line":23,"column":3}},"line":13},"2":{"name":"(anonymous_2)","decl":{"start":{"line":25,"column":37},"end":{"line":25,"column":38}},"loc":{"start":{"line":25,"column":43},"end":{"line":35,"column":3}},"line":25},"3":{"name":"(anonymous_3)","decl":{"start":{"line":37,"column":37},"end":{"line":37,"column":38}},"loc":{"start":{"line":37,"column":43},"end":{"line":40,"column":3}},"line":37},"4":{"name":"(anonymous_4)","decl":{"start":{"line":42,"column":37},"end":{"line":42,"column":38}},"loc":{"start":{"line":42,"column":43},"end":{"line":45,"column":3}},"line":42},"5":{"name":"(anonymous_5)","decl":{"start":{"line":47,"column":34},"end":{"line":47,"column":35}},"loc":{"start":{"line":47,"column":41},"end":{"line":50,"column":3}},"line":47},"6":{"name":"updateVolumeIcon","decl":{"start":{"line":53,"column":9},"end":{"line":53,"column":25}},"loc":{"start":{"line":53,"column":28},"end":{"line":57,"column":1}},"line":53},"7":{"name":"formatVolumeIconPath","decl":{"start":{"line":59,"column":9},"end":{"line":59,"column":29}},"loc":{"start":{"line":59,"column":43},"end":{"line":70,"column":1}},"line":59}},"branchMap":{"0":{"loc":{"start":{"line":18,"column":4},"end":{"line":22,"column":5}},"type":"if","locations":[{"start":{"line":18,"column":4},"end":{"line":22,"column":5}},{"start":{"line":18,"column":4},"end":{"line":22,"column":5}}],"line":18},"1":{"loc":{"start":{"line":30,"column":4},"end":{"line":34,"column":5}},"type":"if","locations":[{"start":{"line":30,"column":4},"end":{"line":34,"column":5}},{"start":{"line":30,"column":4},"end":{"line":34,"column":5}}],"line":30},"2":{"loc":{"start":{"line":60,"column":2},"end":{"line":68,"column":3}},"type":"if","locations":[{"start":{"line":60,"column":2},"end":{"line":68,"column":3}},{"start":{"line":60,"column":2},"end":{"line":68,"column":3}}],"line":60},"3":{"loc":{"start":{"line":62,"column":9},"end":{"line":68,"column":3}},"type":"if","locations":[{"start":{"line":62,"column":9},"end":{"line":68,"column":3}},{"start":{"line":62,"column":9},"end":{"line":68,"column":3}}],"line":62},"4":{"loc":{"start":{"line":64,"column":9},"end":{"line":68,"column":3}},"type":"if","locations":[{"start":{"line":64,"column":9},"end":{"line":68,"column":3}},{"start":{"line":64,"column":9},"end":{"line":68,"column":3}}],"line":64}},"s":{"0":1,"1":0,"2":0,"3":0,"4":0,"5":0,"6":0,"7":0,"8":0,"9":0,"10":0,"11":0,"12":0,"13":0,"14":0,"15":0,"16":0,"17":0,"18":0,"19":0,"20":0,"21":0,"22":0,"23":0,"24":0,"25":0,"26":0,"27":0,"28":0,"29":0,"30":0,"31":0,"32":0,"33":0,"34":0,"35":6,"36":1,"37":5,"38":2,"39":3,"40":2,"41":1,"42":6,"43":1},"f":{"0":0,"1":0,"2":0,"3":0,"4":0,"5":0,"6":0,"7":6},"b":{"0":[0,0],"1":[0,0],"2":[1,5],"3":[2,3],"4":[2,1]},"_coverageSchema":"1a1c01bbd47fc00a2c39e90264f33305004495a9","hash":"59fe59b2b32a829d51a2fb9c0e729b79ecaadf1f"}
,"/Users/sharonlei/CSE110/Lab8/Part1-Jest/assets/scripts/sum.js": {"path":"/Users/sharonlei/CSE110/Lab8/Part1-Jest/assets/scripts/sum.js","statementMap":{"0":{"start":{"line":2,"column":4},"end":{"line":2,"column":17}},"1":{"start":{"line":5,"column":0},"end":{"line":5,"column":21}}},"fnMap":{"0":{"name":"sum","decl":{"start":{"line":1,"column":9},"end":{"line":1,"column":12}},"loc":{"start":{"line":1,"column":19},"end":{"line":3,"column":1}},"line":1}},"branchMap":{},"s":{"0":1,"1":1},"f":{"0":1},"b":{},"_coverageSchema":"1a1c01bbd47fc00a2c39e90264f33305004495a9","hash":"e36f10c47ced6aaefc1b7ea0c3045b4d2758d451"}
}
